<?xml version="1.0" encoding="UTF-8"?>
<!-- Generated by org.testng.reporters.JUnitReportReporter -->
<testsuite skipped="0" hostname="SVRAGAVAN-PC" name="testScripts.RestAPILaunches" tests="3" failures="0" timestamp="2020-08-28T08:58:27 IST" time="70.603" errors="0">
  <testcase name="verifyStatusCode_negative" time="29.728" classname="testScripts.RestAPILaunches"/>
  <system-out/>
  <testcase name="getLaunches" time="32.114" classname="testScripts.RestAPILaunches"/>
  <system-out/>
  <testcase name="getLaunchDetails" time="8.761" classname="testScripts.RestAPILaunches"/>
  <system-out/>
</testsuite> <!-- testScripts.RestAPILaunches -->
