<?xml version="1.0" encoding="UTF-8"?>
<!-- Generated by org.testng.reporters.JUnitReportReporter -->
<testsuite skipped="0" hostname="SVRAGAVAN-PC" name="testScripts.FlightsBooking" tests="4" failures="0" timestamp="2020-08-28T01:23:25 IST" time="7.988" errors="0">
  <testcase name="verifyLoginPageTitle" time="0.040" classname="testScripts.FlightsBooking"/>
  <system-out/>
  <testcase name="searchFlights" time="3.566" classname="testScripts.FlightsBooking"/>
  <system-out/>
  <testcase name="bookFlight" time="4.058" classname="testScripts.FlightsBooking"/>
  <system-out/>
  <testcase name="verifyBookingConfirmation" time="0.324" classname="testScripts.FlightsBooking"/>
  <system-out/>
</testsuite> <!-- testScripts.FlightsBooking -->
